[18:25:44] Servers are being initialized[0m
[18:25:44] Config for server "youpi"loaded succesfully.[0m
[18:25:44] [38;5;81m1. [1;32mServer name : youpi                    [38;5;81mautoindex : off
                    [38;5;81mip:    [38;5;127m0.0.0.0:8042
                    [38;5;81mindex: [38;5;81mindex.html                    [38;5;81mroot: [38;5;81mwww

                    [38;5;81mallowed methods are:    [1;32mGET [1;32mPOST [1;32mDELETE 

                    [38;5;81mErrorPages: 
                    [38;5;81mlocations are: 
                    [38;5;81m0. location
                         [38;5;81mpath: [38;5;81m/put_test          [38;5;81m root: [38;5;81mwww/put_here          [38;5;81m cgi pass: [38;5;81m          [38;5;81m index: [38;5;81m
                         [38;5;81mmethods:    [1;32mPUT 
                    [38;5;81m1. location
                         [38;5;81mpath: [38;5;81m/directory          [38;5;81m root: [38;5;81mYoupiBanane/          [38;5;81m cgi pass: [38;5;81m          [38;5;81m index: [38;5;81myoupi.bad_extension
                         [38;5;81mmethods:    [1;32mGET 

[0m
[18:25:44] Server: "http://0.0.0.0:8042" initialized succesfully.[0m
[18:25:44] Config for server "youpi"loaded succesfully.[0m
[18:25:44] [38;5;81m2. [1;32mServer name : youpi                    [38;5;81mautoindex : off
                    [38;5;81mip:    [38;5;127m0.0.0.0:8001
                    [38;5;81mindex: [38;5;81mindex.html                    [38;5;81mroot: [38;5;81mwww

                    [38;5;81mallowed methods are:    [1;32mGET [1;32mPOST [1;32mDELETE 

                    [38;5;81mErrorPages: 
                    [38;5;81mlocations are: 
                    [38;5;81m0. location
                         [38;5;81mpath: [38;5;81m/put_test          [38;5;81m root: [38;5;81mwww/put_here          [38;5;81m cgi pass: [38;5;81m          [38;5;81m index: [38;5;81m
                         [38;5;81mmethods:    [1;32mPUT 
                    [38;5;81m1. location
                         [38;5;81mpath: [38;5;81m/directory          [38;5;81m root: [38;5;81mYoupiBanane/          [38;5;81m cgi pass: [38;5;81m          [38;5;81m index: [38;5;81myoupi.bad_extension
                         [38;5;81mmethods:    [1;32mGET 

[0m
[18:25:44] Server: "http://0.0.0.0:8001" initialized succesfully.[0m
[18:25:44] Config for server "youpi"loaded succesfully.[0m
[18:25:44] [38;5;81m3. [1;32mServer name : youpi                    [38;5;81mautoindex : off
                    [38;5;81mip:    [38;5;127m0.0.0.0:8002
                    [38;5;81mindex: [38;5;81mindex.html                    [38;5;81mroot: [38;5;81mwww

                    [38;5;81mallowed methods are:    [1;32mGET [1;32mPOST [1;32mDELETE 

                    [38;5;81mErrorPages: 
                    [38;5;81mlocations are: 
                    [38;5;81m0. location
                         [38;5;81mpath: [38;5;81m/put_test          [38;5;81m root: [38;5;81mwww/put_here          [38;5;81m cgi pass: [38;5;81m          [38;5;81m index: [38;5;81m
                         [38;5;81mmethods:    [1;32mPUT 
                    [38;5;81m1. location
                         [38;5;81mpath: [38;5;81m/directory          [38;5;81m root: [38;5;81mYoupiBanane/          [38;5;81m cgi pass: [38;5;81m          [38;5;81m index: [38;5;81myoupi.bad_extension
                         [38;5;81mmethods:    [1;32mGET 

[0m
[18:25:44] Server: "http://0.0.0.0:8002" initialized succesfully.[0m
[18:25:48] New connection accepted 127.0.0.1[0m
[18:25:48] New connection accepted 127.0.0.1[0m
[18:25:49] New request: 
[2mGET / HTTP/1.1
Host: 0.0.0.0:8042
Connection: keep-alive
Cache-Control: max-age=0
Upgrade-Insecure-Requests: 1
User-Agent: Mozilla/5.0 (Macintosh; Intel Mac OS X 10_15_7) AppleWebKit/537.36 (KHTML, like Gecko) Chrome/114.0.0.0 Safari/537.36
Accept: text/html,application/xhtml+xml,application/xml;q=0.9,image/avif,image/webp,image/apng,*/*;q=0.8,application/signed-exch